In file included from test.cpp:3:0:
vector-operations/vector-operations.hpp:5:75: error: redefinition of ‘std::vector<double> a’
 std::vector<double> add_vector(std::vector<double> a, std::vector<double> a);
                                                                           ^
vector-operations/vector-operations.hpp:5:52: note: ‘std::vector<double> a’ previously declared here
 std::vector<double> add_vector(std::vector<double> a, std::vector<double> a);
                                                    ^
vector-operations/vector-operations.hpp:9:66: error: redefinition of ‘std::vector<int> a’
 std::vector<int> add_vector(std::vector<int> a, std::vector<int> a);
                                                                  ^
vector-operations/vector-operations.hpp:9:46: note: ‘std::vector<int> a’ previously declared here
 std::vector<int> add_vector(std::vector<int> a, std::vector<int> a);
                                              ^
In file included from network/network.cpp:2:0,
                 from test.cpp:4:
network/../neuron/neuron.cpp:1:1: error: ‘include’ does not name a type
 include <vector>
 ^~~~~~~
In file included from network/../neuron/neuron.cpp:6:0,
                 from network/network.cpp:2,
                 from test.cpp:4:
network/../neuron/../vector-operations/vector-operations.hpp:5:75: error: redefinition of ‘std::vector<double> a’
 std::vector<double> add_vector(std::vector<double> a, std::vector<double> a);
                                                                           ^
network/../neuron/../vector-operations/vector-operations.hpp:5:52: note: ‘std::vector<double> a’ previously declared here
 std::vector<double> add_vector(std::vector<double> a, std::vector<double> a);
                                                    ^
network/../neuron/../vector-operations/vector-operations.hpp:9:66: error: redefinition of ‘std::vector<int> a’
 std::vector<int> add_vector(std::vector<int> a, std::vector<int> a);
                                                                  ^
network/../neuron/../vector-operations/vector-operations.hpp:9:46: note: ‘std::vector<int> a’ previously declared here
 std::vector<int> add_vector(std::vector<int> a, std::vector<int> a);
                                              ^
In file included from network/network.cpp:2:0,
                 from test.cpp:4:
network/../neuron/neuron.cpp: In member function ‘void Neuron::train(std::vector<int>, int, double, double)’:
network/../neuron/neuron.cpp:36:62: error: no matching function for call to ‘dot_product(std::vector<double>&, std::vector<int>&)’
                 double netInput = dot_product(weights, inputs);
                                                              ^
In file included from network/../neuron/neuron.cpp:6:0,
                 from network/network.cpp:2,
                 from test.cpp:4:
network/../neuron/../vector-operations/vector-operations.hpp:3:8: note: candidate: double dot_product(std::vector<double>, std::vector<double>)
 double dot_product(std::vector<double> a, std::vector<double> b);
        ^~~~~~~~~~~
network/../neuron/../vector-operations/vector-operations.hpp:3:8: note:   no known conversion for argument 2 from ‘std::vector<int>’ to ‘std::vector<double>’
network/../neuron/../vector-operations/vector-operations.hpp:7:5: note: candidate: int dot_product(std::vector<int>, std::vector<int>)
 int dot_product(std::vector<int> a, std::vector<int> b);
     ^~~~~~~~~~~
network/../neuron/../vector-operations/vector-operations.hpp:7:5: note:   no known conversion for argument 1 from ‘std::vector<double>’ to ‘std::vector<int>’
In file included from network/network.cpp:2:0,
                 from test.cpp:4:
network/../neuron/neuron.cpp:41:64: error: conversion from ‘std::vector<int>’ to non-scalar type ‘std::vector<double>’ requested
                 std::vector<double> deltaWeights = scale_vector(inputs, scalar);
                                                    ~~~~~~~~~~~~^~~~~~~~~~~~~~~~
network/../neuron/neuron.cpp: In member function ‘double Neuron::sigmoidDerivative(double)’:
network/../neuron/neuron.cpp:60:52: error: expected ‘)’ before ‘;’ token
             return sigmoid(input)*(1-sigmoid(input);
                                                    ^
network/../neuron/neuron.cpp: In member function ‘void Neuron::adjustWeights(std::vector<double>)’:
network/../neuron/neuron.cpp:64:76: error: no matching function for call to ‘add_vector(std::vector<double>&, std::vector<double>&)’
             std::vector<double> adjustedWeights = add_vector(weights, delta);
                                                                            ^
In file included from network/../neuron/neuron.cpp:6:0,
                 from network/network.cpp:2,
                 from test.cpp:4:
network/../neuron/../vector-operations/vector-operations.hpp:5:21: note: candidate: std::vector<double> add_vector(std::vector<double>)
 std::vector<double> add_vector(std::vector<double> a, std::vector<double> a);
                     ^~~~~~~~~~
network/../neuron/../vector-operations/vector-operations.hpp:5:21: note:   candidate expects 1 argument, 2 provided
network/../neuron/../vector-operations/vector-operations.hpp:9:18: note: candidate: std::vector<int> add_vector(std::vector<int>)
 std::vector<int> add_vector(std::vector<int> a, std::vector<int> a);
                  ^~~~~~~~~~
network/../neuron/../vector-operations/vector-operations.hpp:9:18: note:   candidate expects 1 argument, 2 provided
In file included from test.cpp:4:0:
network/network.cpp: In member function ‘std::vector<double> SingleLayerNeuralNetwork::predict(std::vector<double>, bool)’:
network/network.cpp:22:50: error: no matching function for call to ‘SingleLayerNeuralNetwork::trainNeurons(std::vector<double>&, std::vector<double>&)’
                 trainNeurons(input, networkOutput);
                                                  ^
network/network.cpp:31:10: note: candidate: void SingleLayerNeuralNetwork::trainNeurons(std::vector<int>, std::vector<int>, std::vector<int>)
     void trainNeurons(std::vector<int> inputs,  std::vector<int> expectedOutput, std::vector<int> actualOutput) {
          ^~~~~~~~~~~~
network/network.cpp:31:10: note:   candidate expects 3 arguments, 2 provided
test.cpp: In function ‘int main()’:
test.cpp:20:47: error: no matching function for call to ‘SingleLayerNeuralNetwork::predict(std::vector<double>&)’
     std::vector<int> output = nn.predict(input);
                                               ^
In file included from test.cpp:4:0:
network/network.cpp:15:25: note: candidate: std::vector<double> SingleLayerNeuralNetwork::predict(std::vector<double>, bool)
     std::vector<double> predict(std::vector<double> input, bool isTraining) {
                         ^~~~~~~
network/network.cpp:15:25: note:   candidate expects 2 arguments, 1 provided
In file included from vector-operations/vector-operations.cpp:3:0:
vector-operations/vector-operations.hpp:5:75: error: redefinition of ‘std::vector<double> a’
 std::vector<double> add_vector(std::vector<double> a, std::vector<double> a);
                                                                           ^
vector-operations/vector-operations.hpp:5:52: note: ‘std::vector<double> a’ previously declared here
 std::vector<double> add_vector(std::vector<double> a, std::vector<double> a);
                                                    ^
vector-operations/vector-operations.hpp:9:66: error: redefinition of ‘std::vector<int> a’
 std::vector<int> add_vector(std::vector<int> a, std::vector<int> a);
                                                                  ^
vector-operations/vector-operations.hpp:9:46: note: ‘std::vector<int> a’ previously declared here
 std::vector<int> add_vector(std::vector<int> a, std::vector<int> a);
                                              ^
vector-operations/vector-operations.cpp: In function ‘std::vector<double> add_vector(std::vector<double>, std::vector<double>)’:
vector-operations/vector-operations.cpp:31:26: error: no match for ‘operator+’ (operand types are ‘std::vector<double>’ and ‘std::vector<double>’)
        result.push_back(a+b);
                         ~^~
In file included from /usr/include/c++/7/string:52:0,
                 from /usr/include/c++/7/stdexcept:39,
                 from vector-operations/vector-operations.cpp:2:
/usr/include/c++/7/bits/basic_string.h:5995:5: note: candidate: template<class _CharT, class _Traits, class _Alloc> std::__cxx11::basic_string<_CharT, _Traits, _Alloc> std::operator+(std::__cxx11::basic_string<_CharT, _Traits, _Alloc>&&, _CharT)
     operator+(basic_string<_CharT, _Traits, _Alloc>&& __lhs,
     ^~~~~~~~
/usr/include/c++/7/bits/basic_string.h:5995:5: note:   template argument deduction/substitution failed:
vector-operations/vector-operations.cpp:31:27: note:   ‘std::vector<double>’ is not derived from ‘std::__cxx11::basic_string<_CharT, _Traits, _Alloc>’
        result.push_back(a+b);
                           ^
In file included from /usr/include/c++/7/string:52:0,
                 from /usr/include/c++/7/stdexcept:39,
                 from vector-operations/vector-operations.cpp:2:
/usr/include/c++/7/bits/basic_string.h:5989:5: note: candidate: template<class _CharT, class _Traits, class _Alloc> std::__cxx11::basic_string<_CharT, _Traits, _Alloc> std::operator+(std::__cxx11::basic_string<_CharT, _Traits, _Alloc>&&, const _CharT*)
     operator+(basic_string<_CharT, _Traits, _Alloc>&& __lhs,
     ^~~~~~~~
/usr/include/c++/7/bits/basic_string.h:5989:5: note:   template argument deduction/substitution failed:
vector-operations/vector-operations.cpp:31:27: note:   ‘std::vector<double>’ is not derived from ‘std::__cxx11::basic_string<_CharT, _Traits, _Alloc>’
        result.push_back(a+b);
                           ^
In file included from /usr/include/c++/7/string:52:0,
                 from /usr/include/c++/7/stdexcept:39,
                 from vector-operations/vector-operations.cpp:2:
/usr/include/c++/7/bits/basic_string.h:5983:5: note: candidate: template<class _CharT, class _Traits, class _Alloc> std::__cxx11::basic_string<_CharT, _Traits, _Alloc> std::operator+(_CharT, std::__cxx11::basic_string<_CharT, _Traits, _Alloc>&&)
     operator+(_CharT __lhs,
     ^~~~~~~~
/usr/include/c++/7/bits/basic_string.h:5983:5: note:   template argument deduction/substitution failed:
vector-operations/vector-operations.cpp:31:27: note:   ‘std::vector<double>’ is not derived from ‘std::__cxx11::basic_string<_CharT, _Traits, _Alloc>’
        result.push_back(a+b);
                           ^
In file included from /usr/include/c++/7/string:52:0,
                 from /usr/include/c++/7/stdexcept:39,
                 from vector-operations/vector-operations.cpp:2:
/usr/include/c++/7/bits/basic_string.h:5977:5: note: candidate: template<class _CharT, class _Traits, class _Alloc> std::__cxx11::basic_string<_CharT, _Traits, _Alloc> std::operator+(const _CharT*, std::__cxx11::basic_string<_CharT, _Traits, _Alloc>&&)
     operator+(const _CharT* __lhs,
     ^~~~~~~~
/usr/include/c++/7/bits/basic_string.h:5977:5: note:   template argument deduction/substitution failed:
vector-operations/vector-operations.cpp:31:27: note:   mismatched types ‘const _CharT*’ and ‘std::vector<double>’
        result.push_back(a+b);
                           ^
In file included from /usr/include/c++/7/string:52:0,
                 from /usr/include/c++/7/stdexcept:39,
                 from vector-operations/vector-operations.cpp:2:
/usr/include/c++/7/bits/basic_string.h:5965:5: note: candidate: template<class _CharT, class _Traits, class _Alloc> std::__cxx11::basic_string<_CharT, _Traits, _Alloc> std::operator+(std::__cxx11::basic_string<_CharT, _Traits, _Alloc>&&, std::__cxx11::basic_string<_CharT, _Traits, _Alloc>&&)
     operator+(basic_string<_CharT, _Traits, _Alloc>&& __lhs,
     ^~~~~~~~
/usr/include/c++/7/bits/basic_string.h:5965:5: note:   template argument deduction/substitution failed:
vector-operations/vector-operations.cpp:31:27: note:   ‘std::vector<double>’ is not derived from ‘std::__cxx11::basic_string<_CharT, _Traits, _Alloc>’
        result.push_back(a+b);
                           ^
In file included from /usr/include/c++/7/string:52:0,
                 from /usr/include/c++/7/stdexcept:39,
                 from vector-operations/vector-operations.cpp:2:
/usr/include/c++/7/bits/basic_string.h:5959:5: note: candidate: template<class _CharT, class _Traits, class _Alloc> std::__cxx11::basic_string<_CharT, _Traits, _Alloc> std::operator+(const std::__cxx11::basic_string<_CharT, _Traits, _Alloc>&, std::__cxx11::basic_string<_CharT, _Traits, _Alloc>&&)
     operator+(const basic_string<_CharT, _Traits, _Alloc>& __lhs,
     ^~~~~~~~
/usr/include/c++/7/bits/basic_string.h:5959:5: note:   template argument deduction/substitution failed:
vector-operations/vector-operations.cpp:31:27: note:   ‘std::vector<double>’ is not derived from ‘const std::__cxx11::basic_string<_CharT, _Traits, _Alloc>’
        result.push_back(a+b);
                           ^
In file included from /usr/include/c++/7/string:52:0,
                 from /usr/include/c++/7/stdexcept:39,
                 from vector-operations/vector-operations.cpp:2:
/usr/include/c++/7/bits/basic_string.h:5953:5: note: candidate: template<class _CharT, class _Traits, class _Alloc> std::__cxx11::basic_string<_CharT, _Traits, _Alloc> std::operator+(std::__cxx11::basic_string<_CharT, _Traits, _Alloc>&&, const std::__cxx11::basic_string<_CharT, _Traits, _Alloc>&)
     operator+(basic_string<_CharT, _Traits, _Alloc>&& __lhs,
     ^~~~~~~~
/usr/include/c++/7/bits/basic_string.h:5953:5: note:   template argument deduction/substitution failed:
vector-operations/vector-operations.cpp:31:27: note:   ‘std::vector<double>’ is not derived from ‘std::__cxx11::basic_string<_CharT, _Traits, _Alloc>’
        result.push_back(a+b);
                           ^
In file included from /usr/include/c++/7/string:52:0,
                 from /usr/include/c++/7/stdexcept:39,
                 from vector-operations/vector-operations.cpp:2:
/usr/include/c++/7/bits/basic_string.h:5941:5: note: candidate: template<class _CharT, class _Traits, class _Alloc> std::__cxx11::basic_string<_CharT, _Traits, _Alloc> std::operator+(const std::__cxx11::basic_string<_CharT, _Traits, _Alloc>&, _CharT)
     operator+(const basic_string<_CharT, _Traits, _Alloc>& __lhs, _CharT __rhs)
     ^~~~~~~~
/usr/include/c++/7/bits/basic_string.h:5941:5: note:   template argument deduction/substitution failed:
vector-operations/vector-operations.cpp:31:27: note:   ‘std::vector<double>’ is not derived from ‘const std::__cxx11::basic_string<_CharT, _Traits, _Alloc>’
        result.push_back(a+b);
                           ^
In file included from /usr/include/c++/7/string:52:0,
                 from /usr/include/c++/7/stdexcept:39,
                 from vector-operations/vector-operations.cpp:2:
/usr/include/c++/7/bits/basic_string.h:5925:5: note: candidate: template<class _CharT, class _Traits, class _Alloc> std::__cxx11::basic_string<_CharT, _Traits, _Alloc> std::operator+(const std::__cxx11::basic_string<_CharT, _Traits, _Alloc>&, const _CharT*)
     operator+(const basic_string<_CharT, _Traits, _Alloc>& __lhs,
     ^~~~~~~~
/usr/include/c++/7/bits/basic_string.h:5925:5: note:   template argument deduction/substitution failed:
vector-operations/vector-operations.cpp:31:27: note:   ‘std::vector<double>’ is not derived from ‘const std::__cxx11::basic_string<_CharT, _Traits, _Alloc>’
        result.push_back(a+b);
                           ^
In file included from /usr/include/c++/7/string:53:0,
                 from /usr/include/c++/7/stdexcept:39,
                 from vector-operations/vector-operations.cpp:2:
/usr/include/c++/7/bits/basic_string.tcc:1173:5: note: candidate: template<class _CharT, class _Traits, class _Alloc> std::__cxx11::basic_string<_CharT, _Traits, _Alloc> std::operator+(_CharT, const std::__cxx11::basic_string<_CharT, _Traits, _Alloc>&)
     operator+(_CharT __lhs, const basic_string<_CharT, _Traits, _Alloc>& __rhs)
     ^~~~~~~~
/usr/include/c++/7/bits/basic_string.tcc:1173:5: note:   template argument deduction/substitution failed:
vector-operations/vector-operations.cpp:31:27: note:   ‘std::vector<double>’ is not derived from ‘const std::__cxx11::basic_string<_CharT, _Traits, _Alloc>’
        result.push_back(a+b);
                           ^
In file included from /usr/include/c++/7/string:53:0,
                 from /usr/include/c++/7/stdexcept:39,
                 from vector-operations/vector-operations.cpp:2:
/usr/include/c++/7/bits/basic_string.tcc:1157:5: note: candidate: template<class _CharT, class _Traits, class _Alloc> std::__cxx11::basic_string<_CharT, _Traits, _Alloc> std::operator+(const _CharT*, const std::__cxx11::basic_string<_CharT, _Traits, _Alloc>&)
     operator+(const _CharT* __lhs,
     ^~~~~~~~
/usr/include/c++/7/bits/basic_string.tcc:1157:5: note:   template argument deduction/substitution failed:
vector-operations/vector-operations.cpp:31:27: note:   mismatched types ‘const _CharT*’ and ‘std::vector<double>’
        result.push_back(a+b);
                           ^
In file included from /usr/include/c++/7/string:52:0,
                 from /usr/include/c++/7/stdexcept:39,
                 from vector-operations/vector-operations.cpp:2:
/usr/include/c++/7/bits/basic_string.h:5888:5: note: candidate: template<class _CharT, class _Traits, class _Alloc> std::__cxx11::basic_string<_CharT, _Traits, _Alloc> std::operator+(const std::__cxx11::basic_string<_CharT, _Traits, _Alloc>&, const std::__cxx11::basic_string<_CharT, _Traits, _Alloc>&)
     operator+(const basic_string<_CharT, _Traits, _Alloc>& __lhs,
     ^~~~~~~~
/usr/include/c++/7/bits/basic_string.h:5888:5: note:   template argument deduction/substitution failed:
vector-operations/vector-operations.cpp:31:27: note:   ‘std::vector<double>’ is not derived from ‘const std::__cxx11::basic_string<_CharT, _Traits, _Alloc>’
        result.push_back(a+b);
                           ^
In file included from /usr/include/c++/7/vector:65:0,
                 from vector-operations/vector-operations.cpp:1:
/usr/include/c++/7/bits/stl_bvector.h:387:3: note: candidate: std::_Bit_const_iterator std::operator+(std::ptrdiff_t, const std::_Bit_const_iterator&)
   operator+(ptrdiff_t __n, const _Bit_const_iterator& __x)
   ^~~~~~~~
/usr/include/c++/7/bits/stl_bvector.h:387:3: note:   no known conversion for argument 1 from ‘std::vector<double>’ to ‘std::ptrdiff_t {aka long int}’
/usr/include/c++/7/bits/stl_bvector.h:297:3: note: candidate: std::_Bit_iterator std::operator+(std::ptrdiff_t, const std::_Bit_iterator&)
   operator+(ptrdiff_t __n, const _Bit_iterator& __x)
   ^~~~~~~~
/usr/include/c++/7/bits/stl_bvector.h:297:3: note:   no known conversion for argument 1 from ‘std::vector<double>’ to ‘std::ptrdiff_t {aka long int}’
In file included from /usr/include/c++/7/bits/stl_algobase.h:67:0,
                 from /usr/include/c++/7/vector:60,
                 from vector-operations/vector-operations.cpp:1:
/usr/include/c++/7/bits/stl_iterator.h:1201:5: note: candidate: template<class _Iterator> std::move_iterator<_IteratorL> std::operator+(typename std::move_iterator<_IteratorL>::difference_type, const std::move_iterator<_IteratorL>&)
     operator+(typename move_iterator<_Iterator>::difference_type __n,
     ^~~~~~~~
/usr/include/c++/7/bits/stl_iterator.h:1201:5: note:   template argument deduction/substitution failed:
vector-operations/vector-operations.cpp:31:27: note:   ‘std::vector<double>’ is not derived from ‘const std::move_iterator<_IteratorL>’
        result.push_back(a+b);
                           ^
In file included from /usr/include/c++/7/bits/stl_algobase.h:67:0,
                 from /usr/include/c++/7/vector:60,
                 from vector-operations/vector-operations.cpp:1:
/usr/include/c++/7/bits/stl_iterator.h:400:5: note: candidate: template<class _Iterator> std::reverse_iterator<_Iterator> std::operator+(typename std::reverse_iterator<_Iterator>::difference_type, const std::reverse_iterator<_Iterator>&)
     operator+(typename reverse_iterator<_Iterator>::difference_type __n,
     ^~~~~~~~
/usr/include/c++/7/bits/stl_iterator.h:400:5: note:   template argument deduction/substitution failed:
vector-operations/vector-operations.cpp:31:27: note:   ‘std::vector<double>’ is not derived from ‘const std::reverse_iterator<_Iterator>’
        result.push_back(a+b);
                           ^
In file included from /usr/include/c++/7/bits/stl_algobase.h:67:0,
                 from /usr/include/c++/7/vector:60,
                 from vector-operations/vector-operations.cpp:1:
/usr/include/c++/7/bits/stl_iterator.h:972:5: note: candidate: template<class _Iterator, class _Container> __gnu_cxx::__normal_iterator<_Iterator, _Container> __gnu_cxx::operator+(typename __gnu_cxx::__normal_iterator<_Iterator, _Container>::difference_type, const __gnu_cxx::__normal_iterator<_Iterator, _Container>&)
     operator+(typename __normal_iterator<_Iterator, _Container>::difference_type
     ^~~~~~~~
/usr/include/c++/7/bits/stl_iterator.h:972:5: note:   template argument deduction/substitution failed:
vector-operations/vector-operations.cpp:31:27: note:   ‘std::vector<double>’ is not derived from ‘const __gnu_cxx::__normal_iterator<_Iterator, _Container>’
        result.push_back(a+b);
                           ^
neuron/neuron.cpp:1:1: error: ‘include’ does not name a type
 include <vector>
 ^~~~~~~
In file included from /usr/include/c++/7/stdexcept:38:0,
                 from neuron/neuron.cpp:2:
/usr/include/c++/7/exception:35:37: error: expected declaration before end of line
 #pragma GCC visibility push(default)
                                     ^
In file included from network/network.cpp:2:0:
network/../neuron/neuron.cpp:1:1: error: ‘include’ does not name a type
 include <vector>
 ^~~~~~~
In file included from /usr/include/c++/7/string:52:0,
                 from /usr/include/c++/7/stdexcept:39,
                 from network/../neuron/neuron.cpp:2,
                 from network/network.cpp:2:
/usr/include/c++/7/bits/basic_string.h:6017:41: error: wrong number of template arguments (1, should be 3)
     operator==(const basic_string<_CharT>& __lhs,
                                         ^
/usr/include/c++/7/bits/basic_string.h:77:11: note: provided for ‘template<class _CharT, class _Traits, class _Alloc> class std::__cxx11::basic_string’
     class basic_string
           ^~~~~~~~~~~~
/usr/include/c++/7/bits/basic_string.h:6018:34: error: wrong number of template arguments (1, should be 3)
         const basic_string<_CharT>& __rhs) _GLIBCXX_NOEXCEPT
                                  ^
/usr/include/c++/7/bits/basic_string.h:77:11: note: provided for ‘template<class _CharT, class _Traits, class _Alloc> class std::__cxx11::basic_string’
     class basic_string
           ^~~~~~~~~~~~
In file included from /usr/include/c++/7/bits/stl_algobase.h:59:0,
                 from /usr/include/c++/7/vector:60,
                 from network/network.cpp:1:
/usr/include/c++/7/bits/basic_string.h:6018:44: error: ‘typename __gnu_cxx::__enable_if<std::__is_char<_Tp>::__value, bool>::__type std::operator==(const int&, const int&)’ must have an argument of class or enumerated type
         const basic_string<_CharT>& __rhs) _GLIBCXX_NOEXCEPT
                                            ^
In file included from /usr/include/c++/7/string:52:0,
                 from /usr/include/c++/7/stdexcept:39,
                 from network/../neuron/neuron.cpp:2,
                 from network/network.cpp:2:
/usr/include/c++/7/bits/basic_string.h:6271:60: error: wrong number of template arguments (1, should be 3)
     operator>>(basic_istream<char>& __is, basic_string<char>& __str);
                                                            ^
/usr/include/c++/7/bits/basic_string.h:77:11: note: provided for ‘template<class _CharT, class _Traits, class _Alloc> class std::__cxx11::basic_string’
     class basic_string
           ^~~~~~~~~~~~
/usr/include/c++/7/bits/basic_string.h:6271:5: error: template-id ‘operator>><>’ for ‘std::basic_istream<char>& std::operator>>(std::basic_istream<char>&, int&)’ does not match any template declaration
     operator>>(basic_istream<char>& __is, basic_string<char>& __str);
     ^~~~~~~~
/usr/include/c++/7/bits/basic_string.h:6266:5: note: candidate is: template<class _CharT, class _Traits, class _Alloc> std::basic_istream<_CharT, _Traits>& std::operator>>(std::basic_istream<_CharT, _Traits>&, std::__cxx11::basic_string<_CharT, _Traits, _Alloc>&)
     operator>>(basic_istream<_CharT, _Traits>& __is,
     ^~~~~~~~
/usr/include/c++/7/bits/basic_string.h:6346:57: error: wrong number of template arguments (1, should be 3)
     getline(basic_istream<char>& __in, basic_string<char>& __str,
                                                         ^
/usr/include/c++/7/bits/basic_string.h:77:11: note: provided for ‘template<class _CharT, class _Traits, class _Alloc> class std::__cxx11::basic_string’
     class basic_string
           ^~~~~~~~~~~~
/usr/include/c++/7/bits/basic_string.h:6346:5: error: template-id ‘getline<>’ for ‘std::basic_istream<char>& std::getline(std::basic_istream<char>&, int&, char)’ does not match any template declaration
     getline(basic_istream<char>& __in, basic_string<char>& __str,
     ^~~~~~~
/usr/include/c++/7/bits/basic_string.h:6339:5: note: candidates are: template<class _CharT, class _Traits, class _Alloc> std::basic_istream<_CharT, _Traits>& std::getline(std::basic_istream<_CharT, _Traits>&&, std::__cxx11::basic_string<_CharT, _Traits, _Alloc>&)
     getline(basic_istream<_CharT, _Traits>&& __is,
     ^~~~~~~
/usr/include/c++/7/bits/basic_string.h:6332:5: note:                 template<class _CharT, class _Traits, class _Alloc> std::basic_istream<_CharT, _Traits>& std::getline(std::basic_istream<_CharT, _Traits>&&, std::__cxx11::basic_string<_CharT, _Traits, _Alloc>&, _CharT)
     getline(basic_istream<_CharT, _Traits>&& __is,
     ^~~~~~~
/usr/include/c++/7/bits/basic_string.h:6324:5: note:                 template<class _CharT, class _Traits, class _Alloc> std::basic_istream<_CharT, _Traits>& std::getline(std::basic_istream<_CharT, _Traits>&, std::__cxx11::basic_string<_CharT, _Traits, _Alloc>&)
     getline(basic_istream<_CharT, _Traits>& __is,
     ^~~~~~~
/usr/include/c++/7/bits/basic_string.h:6307:5: note:                 template<class _CharT, class _Traits, class _Alloc> std::basic_istream<_CharT, _Traits>& std::getline(std::basic_istream<_CharT, _Traits>&, std::__cxx11::basic_string<_CharT, _Traits, _Alloc>&, _CharT)
     getline(basic_istream<_CharT, _Traits>& __is,
     ^~~~~~~
/usr/include/c++/7/bits/basic_string.h:6352:63: error: wrong number of template arguments (1, should be 3)
     getline(basic_istream<wchar_t>& __in, basic_string<wchar_t>& __str,
                                                               ^
/usr/include/c++/7/bits/basic_string.h:77:11: note: provided for ‘template<class _CharT, class _Traits, class _Alloc> class std::__cxx11::basic_string’
     class basic_string
           ^~~~~~~~~~~~
/usr/include/c++/7/bits/basic_string.h:6352:5: error: template-id ‘getline<>’ for ‘std::basic_istream<wchar_t>& std::getline(std::basic_istream<wchar_t>&, int&, wchar_t)’ does not match any template declaration
     getline(basic_istream<wchar_t>& __in, basic_string<wchar_t>& __str,
     ^~~~~~~
/usr/include/c++/7/bits/basic_string.h:6339:5: note: candidates are: template<class _CharT, class _Traits, class _Alloc> std::basic_istream<_CharT, _Traits>& std::getline(std::basic_istream<_CharT, _Traits>&&, std::__cxx11::basic_string<_CharT, _Traits, _Alloc>&)
     getline(basic_istream<_CharT, _Traits>&& __is,
     ^~~~~~~
/usr/include/c++/7/bits/basic_string.h:6332:5: note:                 template<class _CharT, class _Traits, class _Alloc> std::basic_istream<_CharT, _Traits>& std::getline(std::basic_istream<_CharT, _Traits>&&, std::__cxx11::basic_string<_CharT, _Traits, _Alloc>&, _CharT)
     getline(basic_istream<_CharT, _Traits>&& __is,
     ^~~~~~~
/usr/include/c++/7/bits/basic_string.h:6324:5: note:                 template<class _CharT, class _Traits, class _Alloc> std::basic_istream<_CharT, _Traits>& std::getline(std::basic_istream<_CharT, _Traits>&, std::__cxx11::basic_string<_CharT, _Traits, _Alloc>&)
     getline(basic_istream<_CharT, _Traits>& __is,
     ^~~~~~~
/usr/include/c++/7/bits/basic_string.h:6307:5: note:                 template<class _CharT, class _Traits, class _Alloc> std::basic_istream<_CharT, _Traits>& std::getline(std::basic_istream<_CharT, _Traits>&, std::__cxx11::basic_string<_CharT, _Traits, _Alloc>&, _CharT)
     getline(basic_istream<_CharT, _Traits>& __is,
     ^~~~~~~
In file included from /usr/include/c++/7/string:52:0,
                 from /usr/include/c++/7/stdexcept:39,
                 from network/../neuron/neuron.cpp:2,
                 from network/network.cpp:2:
/usr/include/c++/7/bits/basic_string.h:6371:14: error: ‘string’ does not name a type; did you mean ‘stdin’?
   stoi(const string& __str, size_t* __idx = 0, int __base = 10)
              ^~~~~~
              stdin
/usr/include/c++/7/bits/basic_string.h: In function ‘int std::__cxx11::stoi(const int&, std::size_t*, int)’:
/usr/include/c++/7/bits/basic_string.h:6372:69: error: request for member ‘c_str’ in ‘__str’, which is of non-class type ‘const int’
   { return __gnu_cxx::__stoa<long, int>(&std::strtol, "stoi", __str.c_str(),
                                                                     ^~~~~
/usr/include/c++/7/bits/basic_string.h: At global scope:
/usr/include/c++/7/bits/basic_string.h:6376:14: error: ‘string’ does not name a type; did you mean ‘stdin’?
   stol(const string& __str, size_t* __idx = 0, int __base = 10)
              ^~~~~~
              stdin
/usr/include/c++/7/bits/basic_string.h: In function ‘long int std::__cxx11::stol(const int&, std::size_t*, int)’:
/usr/include/c++/7/bits/basic_string.h:6377:58: error: request for member ‘c_str’ in ‘__str’, which is of non-class type ‘const int’
   { return __gnu_cxx::__stoa(&std::strtol, "stol", __str.c_str(),
                                                          ^~~~~
/usr/include/c++/7/bits/basic_string.h: At global scope:
/usr/include/c++/7/bits/basic_string.h:6381:15: error: ‘string’ does not name a type; did you mean ‘stdin’?
   stoul(const string& __str, size_t* __idx = 0, int __base = 10)
               ^~~~~~
               stdin
/usr/include/c++/7/bits/basic_string.h: In function ‘long unsigned int std::__cxx11::stoul(const int&, std::size_t*, int)’:
/usr/include/c++/7/bits/basic_string.h:6382:60: error: request for member ‘c_str’ in ‘__str’, which is of non-class type ‘const int’
   { return __gnu_cxx::__stoa(&std::strtoul, "stoul", __str.c_str(),
                                                            ^~~~~
/usr/include/c++/7/bits/basic_string.h: At global scope:
/usr/include/c++/7/bits/basic_string.h:6386:15: error: ‘string’ does not name a type; did you mean ‘stdin’?
   stoll(const string& __str, size_t* __idx = 0, int __base = 10)
               ^~~~~~
               stdin
/usr/include/c++/7/bits/basic_string.h: In function ‘long long int std::__cxx11::stoll(const int&, std::size_t*, int)’:
/usr/include/c++/7/bits/basic_string.h:6387:60: error: request for member ‘c_str’ in ‘__str’, which is of non-class type ‘const int’
   { return __gnu_cxx::__stoa(&std::strtoll, "stoll", __str.c_str(),
                                                            ^~~~~
/usr/include/c++/7/bits/basic_string.h: At global scope:
/usr/include/c++/7/bits/basic_string.h:6391:16: error: ‘string’ does not name a type; did you mean ‘stdin’?
   stoull(const string& __str, size_t* __idx = 0, int __base = 10)
                ^~~~~~
                stdin
/usr/include/c++/7/bits/basic_string.h: In function ‘long long unsigned int std::__cxx11::stoull(const int&, std::size_t*, int)’:
/usr/include/c++/7/bits/basic_string.h:6392:62: error: request for member ‘c_str’ in ‘__str’, which is of non-class type ‘const int’
   { return __gnu_cxx::__stoa(&std::strtoull, "stoull", __str.c_str(),
                                                              ^~~~~
/usr/include/c++/7/bits/basic_string.h: At global scope:
/usr/include/c++/7/bits/basic_string.h:6397:14: error: ‘string’ does not name a type; did you mean ‘stdin’?
   stof(const string& __str, size_t* __idx = 0)
              ^~~~~~
              stdin
/usr/include/c++/7/bits/basic_string.h: In function ‘float std::__cxx11::stof(const int&, std::size_t*)’:
/usr/include/c++/7/bits/basic_string.h:6398:58: error: request for member ‘c_str’ in ‘__str’, which is of non-class type ‘const int’
   { return __gnu_cxx::__stoa(&std::strtof, "stof", __str.c_str(), __idx); }
                                                          ^~~~~
/usr/include/c++/7/bits/basic_string.h: At global scope:
/usr/include/c++/7/bits/basic_string.h:6401:14: error: ‘string’ does not name a type; did you mean ‘stdin’?
   stod(const string& __str, size_t* __idx = 0)
              ^~~~~~
              stdin
/usr/include/c++/7/bits/basic_string.h: In function ‘double std::__cxx11::stod(const int&, std::size_t*)’:
/usr/include/c++/7/bits/basic_string.h:6402:58: error: request for member ‘c_str’ in ‘__str’, which is of non-class type ‘const int’
   { return __gnu_cxx::__stoa(&std::strtod, "stod", __str.c_str(), __idx); }
                                                          ^~~~~
/usr/include/c++/7/bits/basic_string.h: At global scope:
/usr/include/c++/7/bits/basic_string.h:6405:15: error: ‘string’ does not name a type; did you mean ‘stdin’?
   stold(const string& __str, size_t* __idx = 0)
               ^~~~~~
               stdin
/usr/include/c++/7/bits/basic_string.h: In function ‘long double std::__cxx11::stold(const int&, std::size_t*)’:
/usr/include/c++/7/bits/basic_string.h:6406:60: error: request for member ‘c_str’ in ‘__str’, which is of non-class type ‘const int’
   { return __gnu_cxx::__stoa(&std::strtold, "stold", __str.c_str(), __idx); }
                                                            ^~~~~
/usr/include/c++/7/bits/basic_string.h: At global scope:
/usr/include/c++/7/bits/basic_string.h:6413:10: error: ‘string’ does not name a type; did you mean ‘stdin’?
   inline string
          ^~~~~~
          stdin
/usr/include/c++/7/bits/basic_string.h:6418:10: error: ‘string’ does not name a type; did you mean ‘stdin’?
   inline string
          ^~~~~~
          stdin
/usr/include/c++/7/bits/basic_string.h:6424:10: error: ‘string’ does not name a type; did you mean ‘stdin’?
   inline string
          ^~~~~~
          stdin
/usr/include/c++/7/bits/basic_string.h:6429:10: error: ‘string’ does not name a type; did you mean ‘stdin’?
   inline string
          ^~~~~~
          stdin
/usr/include/c++/7/bits/basic_string.h:6435:10: error: ‘string’ does not name a type; did you mean ‘stdin’?
   inline string
          ^~~~~~
          stdin
/usr/include/c++/7/bits/basic_string.h:6441:10: error: ‘string’ does not name a type; did you mean ‘stdin’?
   inline string
          ^~~~~~
          stdin
/usr/include/c++/7/bits/basic_string.h:6447:10: error: ‘string’ does not name a type; did you mean ‘stdin’?
   inline string
          ^~~~~~
          stdin
/usr/include/c++/7/bits/basic_string.h:6456:10: error: ‘string’ does not name a type; did you mean ‘stdin’?
   inline string
          ^~~~~~
          stdin
/usr/include/c++/7/bits/basic_string.h:6465:10: error: ‘string’ does not name a type; did you mean ‘stdin’?
   inline string
          ^~~~~~
          stdin
/usr/include/c++/7/bits/basic_string.h:6477:14: error: ‘wstring’ does not name a type; did you mean ‘isprint’?
   stoi(const wstring& __str, size_t* __idx = 0, int __base = 10)
              ^~~~~~~
              isprint
/usr/include/c++/7/bits/basic_string.h: In function ‘int std::__cxx11::stoi(const int&, std::size_t*, int)’:
/usr/include/c++/7/bits/basic_string.h:6477:3: error: redefinition of ‘int std::__cxx11::stoi(const int&, std::size_t*, int)’
   stoi(const wstring& __str, size_t* __idx = 0, int __base = 10)
   ^~~~
/usr/include/c++/7/bits/basic_string.h:6371:3: note: ‘int std::__cxx11::stoi(const int&, std::size_t*, int)’ previously defined here
   stoi(const string& __str, size_t* __idx = 0, int __base = 10)
   ^~~~
/usr/include/c++/7/bits/basic_string.h:6478:69: error: request for member ‘c_str’ in ‘__str’, which is of non-class type ‘const int’
   { return __gnu_cxx::__stoa<long, int>(&std::wcstol, "stoi", __str.c_str(),
                                                                     ^~~~~
/usr/include/c++/7/bits/basic_string.h: At global scope:
/usr/include/c++/7/bits/basic_string.h:6482:14: error: ‘wstring’ does not name a type; did you mean ‘isprint’?
   stol(const wstring& __str, size_t* __idx = 0, int __base = 10)
              ^~~~~~~
              isprint
/usr/include/c++/7/bits/basic_string.h: In function ‘long int std::__cxx11::stol(const int&, std::size_t*, int)’:
/usr/include/c++/7/bits/basic_string.h:6482:3: error: redefinition of ‘long int std::__cxx11::stol(const int&, std::size_t*, int)’
   stol(const wstring& __str, size_t* __idx = 0, int __base = 10)
   ^~~~
/usr/include/c++/7/bits/basic_string.h:6376:3: note: ‘long int std::__cxx11::stol(const int&, std::size_t*, int)’ previously defined here
   stol(const string& __str, size_t* __idx = 0, int __base = 10)
   ^~~~
/usr/include/c++/7/bits/basic_string.h:6483:58: error: request for member ‘c_str’ in ‘__str’, which is of non-class type ‘const int’
   { return __gnu_cxx::__stoa(&std::wcstol, "stol", __str.c_str(),
                                                          ^~~~~
/usr/include/c++/7/bits/basic_string.h: At global scope:
/usr/include/c++/7/bits/basic_string.h:6487:15: error: ‘wstring’ does not name a type; did you mean ‘isprint’?
   stoul(const wstring& __str, size_t* __idx = 0, int __base = 10)
               ^~~~~~~
               isprint
/usr/include/c++/7/bits/basic_string.h: In function ‘long unsigned int std::__cxx11::stoul(const int&, std::size_t*, int)’:
/usr/include/c++/7/bits/basic_string.h:6487:3: error: redefinition of ‘long unsigned int std::__cxx11::stoul(const int&, std::size_t*, int)’
   stoul(const wstring& __str, size_t* __idx = 0, int __base = 10)
   ^~~~~
/usr/include/c++/7/bits/basic_string.h:6381:3: note: ‘long unsigned int std::__cxx11::stoul(const int&, std::size_t*, int)’ previously defined here
   stoul(const string& __str, size_t* __idx = 0, int __base = 10)
   ^~~~~
/usr/include/c++/7/bits/basic_string.h:6488:60: error: request for member ‘c_str’ in ‘__str’, which is of non-class type ‘const int’
   { return __gnu_cxx::__stoa(&std::wcstoul, "stoul", __str.c_str(),
                                                            ^~~~~
/usr/include/c++/7/bits/basic_string.h: At global scope:
/usr/include/c++/7/bits/basic_string.h:6492:15: error: ‘wstring’ does not name a type; did you mean ‘isprint’?
   stoll(const wstring& __str, size_t* __idx = 0, int __base = 10)
               ^~~~~~~
               isprint
/usr/include/c++/7/bits/basic_string.h: In function ‘long long int std::__cxx11::stoll(const int&, std::size_t*, int)’:
/usr/include/c++/7/bits/basic_string.h:6492:3: error: redefinition of ‘long long int std::__cxx11::stoll(const int&, std::size_t*, int)’
   stoll(const wstring& __str, size_t* __idx = 0, int __base = 10)
   ^~~~~
/usr/include/c++/7/bits/basic_string.h:6386:3: note: ‘long long int std::__cxx11::stoll(const int&, std::size_t*, int)’ previously defined here
   stoll(const string& __str, size_t* __idx = 0, int __base = 10)
   ^~~~~
/usr/include/c++/7/bits/basic_string.h:6493:60: error: request for member ‘c_str’ in ‘__str’, which is of non-class type ‘const int’
   { return __gnu_cxx::__stoa(&std::wcstoll, "stoll", __str.c_str(),
                                                            ^~~~~
/usr/include/c++/7/bits/basic_string.h: At global scope:
/usr/include/c++/7/bits/basic_string.h:6497:16: error: ‘wstring’ does not name a type; did you mean ‘isprint’?
   stoull(const wstring& __str, size_t* __idx = 0, int __base = 10)
                ^~~~~~~
                isprint
/usr/include/c++/7/bits/basic_string.h: In function ‘long long unsigned int std::__cxx11::stoull(const int&, std::size_t*, int)’:
/usr/include/c++/7/bits/basic_string.h:6497:3: error: redefinition of ‘long long unsigned int std::__cxx11::stoull(const int&, std::size_t*, int)’
   stoull(const wstring& __str, size_t* __idx = 0, int __base = 10)
   ^~~~~~
/usr/include/c++/7/bits/basic_string.h:6391:3: note: ‘long long unsigned int std::__cxx11::stoull(const int&, std::size_t*, int)’ previously defined here
   stoull(const string& __str, size_t* __idx = 0, int __base = 10)
   ^~~~~~
/usr/include/c++/7/bits/basic_string.h:6498:62: error: request for member ‘c_str’ in ‘__str’, which is of non-class type ‘const int’
   { return __gnu_cxx::__stoa(&std::wcstoull, "stoull", __str.c_str(),
                                                              ^~~~~
/usr/include/c++/7/bits/basic_string.h: At global scope:
/usr/include/c++/7/bits/basic_string.h:6503:14: error: ‘wstring’ does not name a type; did you mean ‘isprint’?
   stof(const wstring& __str, size_t* __idx = 0)
              ^~~~~~~
              isprint
/usr/include/c++/7/bits/basic_string.h: In function ‘float std::__cxx11::stof(const int&, std::size_t*)’:
/usr/include/c++/7/bits/basic_string.h:6503:3: error: redefinition of ‘float std::__cxx11::stof(const int&, std::size_t*)’
   stof(const wstring& __str, size_t* __idx = 0)
   ^~~~
/usr/include/c++/7/bits/basic_string.h:6397:3: note: ‘float std::__cxx11::stof(const int&, std::size_t*)’ previously defined here
   stof(const string& __str, size_t* __idx = 0)
   ^~~~
/usr/include/c++/7/bits/basic_string.h:6504:58: error: request for member ‘c_str’ in ‘__str’, which is of non-class type ‘const int’
   { return __gnu_cxx::__stoa(&std::wcstof, "stof", __str.c_str(), __idx); }
                                                          ^~~~~
/usr/include/c++/7/bits/basic_string.h: At global scope:
/usr/include/c++/7/bits/basic_string.h:6507:14: error: ‘wstring’ does not name a type; did you mean ‘isprint’?
   stod(const wstring& __str, size_t* __idx = 0)
              ^~~~~~~
              isprint
/usr/include/c++/7/bits/basic_string.h: In function ‘double std::__cxx11::stod(const int&, std::size_t*)’:
/usr/include/c++/7/bits/basic_string.h:6507:3: error: redefinition of ‘double std::__cxx11::stod(const int&, std::size_t*)’
   stod(const wstring& __str, size_t* __idx = 0)
   ^~~~
/usr/include/c++/7/bits/basic_string.h:6401:3: note: ‘double std::__cxx11::stod(const int&, std::size_t*)’ previously defined here
   stod(const string& __str, size_t* __idx = 0)
   ^~~~
/usr/include/c++/7/bits/basic_string.h:6508:58: error: request for member ‘c_str’ in ‘__str’, which is of non-class type ‘const int’
   { return __gnu_cxx::__stoa(&std::wcstod, "stod", __str.c_str(), __idx); }
                                                          ^~~~~
/usr/include/c++/7/bits/basic_string.h: At global scope:
/usr/include/c++/7/bits/basic_string.h:6511:15: error: ‘wstring’ does not name a type; did you mean ‘isprint’?
   stold(const wstring& __str, size_t* __idx = 0)
               ^~~~~~~
               isprint
/usr/include/c++/7/bits/basic_string.h: In function ‘long double std::__cxx11::stold(const int&, std::size_t*)’:
/usr/include/c++/7/bits/basic_string.h:6511:3: error: redefinition of ‘long double std::__cxx11::stold(const int&, std::size_t*)’
   stold(const wstring& __str, size_t* __idx = 0)
   ^~~~~
/usr/include/c++/7/bits/basic_string.h:6405:3: note: ‘long double std::__cxx11::stold(const int&, std::size_t*)’ previously defined here
   stold(const string& __str, size_t* __idx = 0)
   ^~~~~
/usr/include/c++/7/bits/basic_string.h:6512:60: error: request for member ‘c_str’ in ‘__str’, which is of non-class type ‘const int’
   { return __gnu_cxx::__stoa(&std::wcstold, "stold", __str.c_str(), __idx); }
                                                            ^~~~~
/usr/include/c++/7/bits/basic_string.h: At global scope:
/usr/include/c++/7/bits/basic_string.h:6516:10: error: ‘wstring’ does not name a type; did you mean ‘isprint’?
   inline wstring
          ^~~~~~~
          isprint
/usr/include/c++/7/bits/basic_string.h:6521:10: error: ‘wstring’ does not name a type; did you mean ‘isprint’?
   inline wstring
          ^~~~~~~
          isprint
/usr/include/c++/7/bits/basic_string.h:6527:10: error: ‘wstring’ does not name a type; did you mean ‘isprint’?
   inline wstring
          ^~~~~~~
          isprint
/usr/include/c++/7/bits/basic_string.h:6532:10: error: ‘wstring’ does not name a type; did you mean ‘isprint’?
   inline wstring
          ^~~~~~~
          isprint
/usr/include/c++/7/bits/basic_string.h:6538:10: error: ‘wstring’ does not name a type; did you mean ‘isprint’?
   inline wstring
          ^~~~~~~
          isprint
/usr/include/c++/7/bits/basic_string.h:6544:10: error: ‘wstring’ does not name a type; did you mean ‘isprint’?
   inline wstring
          ^~~~~~~
          isprint
/usr/include/c++/7/bits/basic_string.h:6550:10: error: ‘wstring’ does not name a type; did you mean ‘isprint’?
   inline wstring
          ^~~~~~~
          isprint
/usr/include/c++/7/bits/basic_string.h:6559:10: error: ‘wstring’ does not name a type; did you mean ‘isprint’?
   inline wstring
          ^~~~~~~
          isprint
/usr/include/c++/7/bits/basic_string.h:6568:10: error: ‘wstring’ does not name a type; did you mean ‘isprint’?
   inline wstring
          ^~~~~~~
          isprint
/usr/include/c++/7/bits/basic_string.h:6598:17: error: ‘string’ was not declared in this scope
     struct hash<string>
                 ^~~~~~
/usr/include/c++/7/bits/basic_string.h:6598:17: note: suggested alternative: ‘stdin’
     struct hash<string>
                 ^~~~~~
                 stdin
/usr/include/c++/7/bits/basic_string.h:6598:23: error: template argument 1 is invalid
     struct hash<string>
                       ^
/usr/include/c++/7/bits/basic_string.h:6599:34: error: ‘string’ was not declared in this scope
     : public __hash_base<size_t, string>
                                  ^~~~~~
/usr/include/c++/7/bits/basic_string.h:6599:34: note: suggested alternative: ‘stdin’
     : public __hash_base<size_t, string>
                                  ^~~~~~
                                  stdin
/usr/include/c++/7/bits/basic_string.h:6599:40: error: template argument 2 is invalid
     : public __hash_base<size_t, string>
                                        ^
/usr/include/c++/7/bits/basic_string.h:6607:32: error: ‘string’ was not declared in this scope
     struct __is_fast_hash<hash<string>> : std::false_type
                                ^~~~~~
/usr/include/c++/7/bits/basic_string.h:6607:32: note: suggested alternative: ‘stdin’
     struct __is_fast_hash<hash<string>> : std::false_type
                                ^~~~~~
                                stdin
/usr/include/c++/7/bits/basic_string.h:6607:32: error: template argument 1 is invalid
/usr/include/c++/7/bits/basic_string.h:6607:38: error: template argument 1 is invalid
     struct __is_fast_hash<hash<string>> : std::false_type
                                      ^~
/usr/include/c++/7/bits/basic_string.h:6613:17: error: ‘wstring’ was not declared in this scope
     struct hash<wstring>
                 ^~~~~~~
/usr/include/c++/7/bits/basic_string.h:6613:17: note: suggested alternative: ‘isprint’
     struct hash<wstring>
                 ^~~~~~~
                 isprint
/usr/include/c++/7/bits/basic_string.h:6613:24: error: template argument 1 is invalid
     struct hash<wstring>
                        ^
/usr/include/c++/7/bits/basic_string.h:6614:34: error: ‘wstring’ was not declared in this scope
     : public __hash_base<size_t, wstring>
                                  ^~~~~~~
/usr/include/c++/7/bits/basic_string.h:6614:34: note: suggested alternative: ‘isprint’
     : public __hash_base<size_t, wstring>
                                  ^~~~~~~
                                  isprint
/usr/include/c++/7/bits/basic_string.h:6614:41: error: template argument 2 is invalid
     : public __hash_base<size_t, wstring>
                                         ^
/usr/include/c++/7/bits/basic_string.h:6623:32: error: ‘wstring’ was not declared in this scope
     struct __is_fast_hash<hash<wstring>> : std::false_type
                                ^~~~~~~
/usr/include/c++/7/bits/basic_string.h:6623:32: note: suggested alternative: ‘isprint’
     struct __is_fast_hash<hash<wstring>> : std::false_type
                                ^~~~~~~
                                isprint
/usr/include/c++/7/bits/basic_string.h:6623:32: error: template argument 1 is invalid
/usr/include/c++/7/bits/basic_string.h:6623:39: error: template argument 1 is invalid
     struct __is_fast_hash<hash<wstring>> : std::false_type
                                       ^~
/usr/include/c++/7/bits/basic_string.h:6631:17: error: ‘u16string’ was not declared in this scope
     struct hash<u16string>
                 ^~~~~~~~~
/usr/include/c++/7/bits/basic_string.h:6631:26: error: template argument 1 is invalid
     struct hash<u16string>
                          ^
/usr/include/c++/7/bits/basic_string.h:6632:34: error: ‘u16string’ was not declared in this scope
     : public __hash_base<size_t, u16string>
                                  ^~~~~~~~~
/usr/include/c++/7/bits/basic_string.h:6632:43: error: template argument 2 is invalid
     : public __hash_base<size_t, u16string>
                                           ^
/usr/include/c++/7/bits/basic_string.h:6641:32: error: ‘u16string’ was not declared in this scope
     struct __is_fast_hash<hash<u16string>> : std::false_type
                                ^~~~~~~~~
/usr/include/c++/7/bits/basic_string.h:6641:32: error: template argument 1 is invalid
/usr/include/c++/7/bits/basic_string.h:6641:41: error: template argument 1 is invalid
     struct __is_fast_hash<hash<u16string>> : std::false_type
                                         ^~
/usr/include/c++/7/bits/basic_string.h:6646:17: error: ‘u32string’ was not declared in this scope
     struct hash<u32string>
                 ^~~~~~~~~
/usr/include/c++/7/bits/basic_string.h:6646:26: error: template argument 1 is invalid
     struct hash<u32string>
                          ^
/usr/include/c++/7/bits/basic_string.h:6647:34: error: ‘u32string’ was not declared in this scope
     : public __hash_base<size_t, u32string>
                                  ^~~~~~~~~
/usr/include/c++/7/bits/basic_string.h:6647:43: error: template argument 2 is invalid
     : public __hash_base<size_t, u32string>
                                           ^
/usr/include/c++/7/bits/basic_string.h:6656:32: error: ‘u32string’ was not declared in this scope
     struct __is_fast_hash<hash<u32string>> : std::false_type
                                ^~~~~~~~~
/usr/include/c++/7/bits/basic_string.h:6656:32: error: template argument 1 is invalid
/usr/include/c++/7/bits/basic_string.h:6656:41: error: template argument 1 is invalid
     struct __is_fast_hash<hash<u32string>> : std::false_type
                                         ^~
/usr/include/c++/7/bits/basic_string.h:6673:29: error: wrong number of template arguments (1, should be 3)
     inline basic_string<char>
                             ^
In file included from /usr/include/c++/7/string:52:0,
                 from /usr/include/c++/7/stdexcept:39,
                 from network/../neuron/neuron.cpp:2,
                 from network/network.cpp:2:
/usr/include/c++/7/bits/basic_string.h:77:11: note: provided for ‘template<class _CharT, class _Traits, class _Alloc> class std::__cxx11::basic_string’
     class basic_string
           ^~~~~~~~~~~~
In file included from /usr/include/c++/7/string:52:0,
                 from /usr/include/c++/7/stdexcept:39,
                 from network/../neuron/neuron.cpp:2,
                 from network/network.cpp:2:
/usr/include/c++/7/bits/basic_string.h: In function ‘int std::literals::string_literals::operator""s(const char*, std::size_t)’:
/usr/include/c++/7/bits/basic_string.h:6675:31: error: wrong number of template arguments (1, should be 3)
     { return basic_string<char>{__str, __len}; }
                               ^
In file included from /usr/include/c++/7/string:52:0,
                 from /usr/include/c++/7/stdexcept:39,
                 from network/../neuron/neuron.cpp:2,
                 from network/network.cpp:2:
/usr/include/c++/7/bits/basic_string.h:77:11: note: provided for ‘template<class _CharT, class _Traits, class _Alloc> class std::__cxx11::basic_string’
     class basic_string
           ^~~~~~~~~~~~
In file included from /usr/include/c++/7/string:52:0,
                 from /usr/include/c++/7/stdexcept:39,
                 from network/../neuron/neuron.cpp:2,
                 from network/network.cpp:2:
/usr/include/c++/7/bits/basic_string.h: At global scope:
/usr/include/c++/7/bits/basic_string.h:6679:32: error: wrong number of template arguments (1, should be 3)
     inline basic_string<wchar_t>
                                ^
In file included from /usr/include/c++/7/string:52:0,
                 from /usr/include/c++/7/stdexcept:39,
                 from network/../neuron/neuron.cpp:2,
                 from network/network.cpp:2:
/usr/include/c++/7/bits/basic_string.h:77:11: note: provided for ‘template<class _CharT, class _Traits, class _Alloc> class std::__cxx11::basic_string’
     class basic_string
           ^~~~~~~~~~~~
In file included from /usr/include/c++/7/string:52:0,
                 from /usr/include/c++/7/stdexcept:39,
                 from network/../neuron/neuron.cpp:2,
                 from network/network.cpp:2:
/usr/include/c++/7/bits/basic_string.h: In function ‘int std::literals::string_literals::operator""s(const wchar_t*, std::size_t)’:
/usr/include/c++/7/bits/basic_string.h:6681:34: error: wrong number of template arguments (1, should be 3)
     { return basic_string<wchar_t>{__str, __len}; }
                                  ^
In file included from /usr/include/c++/7/string:52:0,
                 from /usr/include/c++/7/stdexcept:39,
                 from network/../neuron/neuron.cpp:2,
                 from network/network.cpp:2:
/usr/include/c++/7/bits/basic_string.h:77:11: note: provided for ‘template<class _CharT, class _Traits, class _Alloc> class std::__cxx11::basic_string’
     class basic_string
           ^~~~~~~~~~~~
In file included from /usr/include/c++/7/string:52:0,
                 from /usr/include/c++/7/stdexcept:39,
                 from network/../neuron/neuron.cpp:2,
                 from network/network.cpp:2:
/usr/include/c++/7/bits/basic_string.h: At global scope:
/usr/include/c++/7/bits/basic_string.h:6686:33: error: wrong number of template arguments (1, should be 3)
     inline basic_string<char16_t>
                                 ^
In file included from /usr/include/c++/7/string:52:0,
                 from /usr/include/c++/7/stdexcept:39,
                 from network/../neuron/neuron.cpp:2,
                 from network/network.cpp:2:
/usr/include/c++/7/bits/basic_string.h:77:11: note: provided for ‘template<class _CharT, class _Traits, class _Alloc> class std::__cxx11::basic_string’
     class basic_string
           ^~~~~~~~~~~~
In file included from /usr/include/c++/7/string:52:0,
                 from /usr/include/c++/7/stdexcept:39,
                 from network/../neuron/neuron.cpp:2,
                 from network/network.cpp:2:
/usr/include/c++/7/bits/basic_string.h: In function ‘int std::literals::string_literals::operator""s(const char16_t*, std::size_t)’:
/usr/include/c++/7/bits/basic_string.h:6688:35: error: wrong number of template arguments (1, should be 3)
     { return basic_string<char16_t>{__str, __len}; }
                                   ^
In file included from /usr/include/c++/7/string:52:0,
                 from /usr/include/c++/7/stdexcept:39,
                 from network/../neuron/neuron.cpp:2,
                 from network/network.cpp:2:
/usr/include/c++/7/bits/basic_string.h:77:11: note: provided for ‘template<class _CharT, class _Traits, class _Alloc> class std::__cxx11::basic_string’
     class basic_string
           ^~~~~~~~~~~~
In file included from /usr/include/c++/7/string:52:0,
                 from /usr/include/c++/7/stdexcept:39,
                 from network/../neuron/neuron.cpp:2,
                 from network/network.cpp:2:
/usr/include/c++/7/bits/basic_string.h: At global scope:
/usr/include/c++/7/bits/basic_string.h:6691:33: error: wrong number of template arguments (1, should be 3)
     inline basic_string<char32_t>
                                 ^
In file included from /usr/include/c++/7/string:52:0,
                 from /usr/include/c++/7/stdexcept:39,
                 from network/../neuron/neuron.cpp:2,
                 from network/network.cpp:2:
/usr/include/c++/7/bits/basic_string.h:77:11: note: provided for ‘template<class _CharT, class _Traits, class _Alloc> class std::__cxx11::basic_string’
     class basic_string
           ^~~~~~~~~~~~
In file included from /usr/include/c++/7/string:52:0,
                 from /usr/include/c++/7/stdexcept:39,
                 from network/../neuron/neuron.cpp:2,
                 from network/network.cpp:2:
/usr/include/c++/7/bits/basic_string.h: In function ‘int std::literals::string_literals::operator""s(const char32_t*, std::size_t)’:
/usr/include/c++/7/bits/basic_string.h:6693:35: error: wrong number of template arguments (1, should be 3)
     { return basic_string<char32_t>{__str, __len}; }
                                   ^
In file included from /usr/include/c++/7/string:52:0,
                 from /usr/include/c++/7/stdexcept:39,
                 from network/../neuron/neuron.cpp:2,
                 from network/network.cpp:2:
/usr/include/c++/7/bits/basic_string.h:77:11: note: provided for ‘template<class _CharT, class _Traits, class _Alloc> class std::__cxx11::basic_string’
     class basic_string
           ^~~~~~~~~~~~
In file included from /usr/include/c++/7/string:53:0,
                 from /usr/include/c++/7/stdexcept:39,
                 from network/../neuron/neuron.cpp:2,
                 from network/network.cpp:2:
/usr/include/c++/7/bits/basic_string.tcc: At global scope:
/usr/include/c++/7/bits/basic_string.tcc:1607:42: error: wrong number of template arguments (1, should be 3)
   extern template class basic_string<char>;
                                          ^
In file included from /usr/include/c++/7/string:52:0,
                 from /usr/include/c++/7/stdexcept:39,
                 from network/../neuron/neuron.cpp:2,
                 from network/network.cpp:2:
/usr/include/c++/7/bits/basic_string.h:77:11: note: provided for ‘template<class _CharT, class _Traits, class _Alloc> class std::__cxx11::basic_string’
     class basic_string
           ^~~~~~~~~~~~
In file included from /usr/include/c++/7/string:53:0,
                 from /usr/include/c++/7/stdexcept:39,
                 from network/../neuron/neuron.cpp:2,
                 from network/network.cpp:2:
/usr/include/c++/7/bits/basic_string.tcc:1617:38: error: ‘string’ has not been declared
     operator>>(basic_istream<char>&, string&);
                                      ^~~~~~
/usr/include/c++/7/bits/basic_string.tcc:1617:5: error: template-id ‘operator>><>’ for ‘std::basic_istream<char>& std::operator>>(std::basic_istream<char>&, int&)’ does not match any template declaration
     operator>>(basic_istream<char>&, string&);
     ^~~~~~~~
/usr/include/c++/7/bits/basic_string.tcc:1465:5: note: candidate is: template<class _CharT, class _Traits, class _Alloc> std::basic_istream<_CharT, _Traits>& std::operator>>(std::basic_istream<_CharT, _Traits>&, std::__cxx11::basic_string<_CharT, _Traits, _Alloc>&)
     operator>>(basic_istream<_CharT, _Traits>& __in,
     ^~~~~~~~
/usr/include/c++/7/bits/basic_string.tcc:1620:44: error: ‘string’ does not name a type; did you mean ‘stdin’?
     operator<<(basic_ostream<char>&, const string&);
                                            ^~~~~~
                                            stdin
/usr/include/c++/7/bits/basic_string.tcc:1620:5: error: template-id ‘operator<< <>’ for ‘std::basic_ostream<char>& std::operator<<(std::basic_ostream<char>&, const int&)’ does not match any template declaration
     operator<<(basic_ostream<char>&, const string&);
     ^~~~~~~~
In file included from /usr/include/c++/7/string:52:0,
                 from /usr/include/c++/7/stdexcept:39,
                 from network/../neuron/neuron.cpp:2,
                 from network/network.cpp:2:
/usr/include/c++/7/bits/basic_string.h:6284:5: note: candidate is: template<class _CharT, class _Traits, class _Alloc> std::basic_ostream<_CharT, _Traits>& std::operator<<(std::basic_ostream<_CharT, _Traits>&, const std::__cxx11::basic_string<_CharT, _Traits, _Alloc>&)
     operator<<(basic_ostream<_CharT, _Traits>& __os,
     ^~~~~~~~
In file included from /usr/include/c++/7/string:53:0,
                 from /usr/include/c++/7/stdexcept:39,
                 from network/../neuron/neuron.cpp:2,
                 from network/network.cpp:2:
/usr/include/c++/7/bits/basic_string.tcc:1623:35: error: ‘string’ has not been declared
     getline(basic_istream<char>&, string&, char);
                                   ^~~~~~
/usr/include/c++/7/bits/basic_string.tcc:1623:5: error: template-id ‘getline<>’ for ‘std::basic_istream<char>& std::getline(std::basic_istream<char>&, int&, char)’ does not match any template declaration
     getline(basic_istream<char>&, string&, char);
     ^~~~~~~
In file included from /usr/include/c++/7/string:52:0,
                 from /usr/include/c++/7/stdexcept:39,
                 from network/../neuron/neuron.cpp:2,
                 from network/network.cpp:2:
/usr/include/c++/7/bits/basic_string.h:6339:5: note: candidates are: template<class _CharT, class _Traits, class _Alloc> std::basic_istream<_CharT, _Traits>& std::getline(std::basic_istream<_CharT, _Traits>&&, std::__cxx11::basic_string<_CharT, _Traits, _Alloc>&)
     getline(basic_istream<_CharT, _Traits>&& __is,
     ^~~~~~~
/usr/include/c++/7/bits/basic_string.h:6332:5: note:                 template<class _CharT, class _Traits, class _Alloc> std::basic_istream<_CharT, _Traits>& std::getline(std::basic_istream<_CharT, _Traits>&&, std::__cxx11::basic_string<_CharT, _Traits, _Alloc>&, _CharT)
     getline(basic_istream<_CharT, _Traits>&& __is,
     ^~~~~~~
/usr/include/c++/7/bits/basic_string.h:6324:5: note:                 template<class _CharT, class _Traits, class _Alloc> std::basic_istream<_CharT, _Traits>& std::getline(std::basic_istream<_CharT, _Traits>&, std::__cxx11::basic_string<_CharT, _Traits, _Alloc>&)
     getline(basic_istream<_CharT, _Traits>& __is,
     ^~~~~~~
In file included from /usr/include/c++/7/string:53:0,
                 from /usr/include/c++/7/stdexcept:39,
                 from network/../neuron/neuron.cpp:2,
                 from network/network.cpp:2:
/usr/include/c++/7/bits/basic_string.tcc:1537:5: note:                 template<class _CharT, class _Traits, class _Alloc> std::basic_istream<_CharT, _Traits>& std::getline(std::basic_istream<_CharT, _Traits>&, std::__cxx11::basic_string<_CharT, _Traits, _Alloc>&, _CharT)
     getline(basic_istream<_CharT, _Traits>& __in,
     ^~~~~~~
/usr/include/c++/7/bits/basic_string.tcc:1626:35: error: ‘string’ has not been declared
     getline(basic_istream<char>&, string&);
                                   ^~~~~~
/usr/include/c++/7/bits/basic_string.tcc:1626:5: error: template-id ‘getline<>’ for ‘std::basic_istream<char>& std::getline(std::basic_istream<char>&, int&)’ does not match any template declaration
     getline(basic_istream<char>&, string&);
     ^~~~~~~
In file included from /usr/include/c++/7/string:52:0,
                 from /usr/include/c++/7/stdexcept:39,
                 from network/../neuron/neuron.cpp:2,
                 from network/network.cpp:2:
/usr/include/c++/7/bits/basic_string.h:6339:5: note: candidates are: template<class _CharT, class _Traits, class _Alloc> std::basic_istream<_CharT, _Traits>& std::getline(std::basic_istream<_CharT, _Traits>&&, std::__cxx11::basic_string<_CharT, _Traits, _Alloc>&)
     getline(basic_istream<_CharT, _Traits>&& __is,
     ^~~~~~~
/usr/include/c++/7/bits/basic_string.h:6332:5: note:                 template<class _CharT, class _Traits, class _Alloc> std::basic_istream<_CharT, _Traits>& std::getline(std::basic_istream<_CharT, _Traits>&&, std::__cxx11::basic_string<_CharT, _Traits, _Alloc>&, _CharT)
     getline(basic_istream<_CharT, _Traits>&& __is,
     ^~~~~~~
/usr/include/c++/7/bits/basic_string.h:6324:5: note:                 template<class _CharT, class _Traits, class _Alloc> std::basic_istream<_CharT, _Traits>& std::getline(std::basic_istream<_CharT, _Traits>&, std::__cxx11::basic_string<_CharT, _Traits, _Alloc>&)
     getline(basic_istream<_CharT, _Traits>& __is,
     ^~~~~~~
In file included from /usr/include/c++/7/string:53:0,
                 from /usr/include/c++/7/stdexcept:39,
                 from network/../neuron/neuron.cpp:2,
                 from network/network.cpp:2:
/usr/include/c++/7/bits/basic_string.tcc:1537:5: note:                 template<class _CharT, class _Traits, class _Alloc> std::basic_istream<_CharT, _Traits>& std::getline(std::basic_istream<_CharT, _Traits>&, std::__cxx11::basic_string<_CharT, _Traits, _Alloc>&, _CharT)
     getline(basic_istream<_CharT, _Traits>& __in,
     ^~~~~~~
/usr/include/c++/7/bits/basic_string.tcc:1630:45: error: wrong number of template arguments (1, should be 3)
   extern template class basic_string<wchar_t>;
                                             ^
In file included from /usr/include/c++/7/string:52:0,
                 from /usr/include/c++/7/stdexcept:39,
                 from network/../neuron/neuron.cpp:2,
                 from network/network.cpp:2:
/usr/include/c++/7/bits/basic_string.h:77:11: note: provided for ‘template<class _CharT, class _Traits, class _Alloc> class std::__cxx11::basic_string’
     class basic_string
           ^~~~~~~~~~~~
In file included from /usr/include/c++/7/string:53:0,
                 from /usr/include/c++/7/stdexcept:39,
                 from network/../neuron/neuron.cpp:2,
                 from network/network.cpp:2:
/usr/include/c++/7/bits/basic_string.tcc:1638:41: error: ‘wstring’ has not been declared
     operator>>(basic_istream<wchar_t>&, wstring&);
                                         ^~~~~~~
/usr/include/c++/7/bits/basic_string.tcc:1638:5: error: template-id ‘operator>><>’ for ‘std::basic_istream<wchar_t>& std::operator>>(std::basic_istream<wchar_t>&, int&)’ does not match any template declaration
     operator>>(basic_istream<wchar_t>&, wstring&);
     ^~~~~~~~
/usr/include/c++/7/bits/basic_string.tcc:1465:5: note: candidate is: template<class _CharT, class _Traits, class _Alloc> std::basic_istream<_CharT, _Traits>& std::operator>>(std::basic_istream<_CharT, _Traits>&, std::__cxx11::basic_string<_CharT, _Traits, _Alloc>&)
     operator>>(basic_istream<_CharT, _Traits>& __in,
     ^~~~~~~~
/usr/include/c++/7/bits/basic_string.tcc:1641:47: error: ‘wstring’ does not name a type; did you mean ‘isprint’?
     operator<<(basic_ostream<wchar_t>&, const wstring&);
                                               ^~~~~~~
                                               isprint
/usr/include/c++/7/bits/basic_string.tcc:1641:5: error: template-id ‘operator<< <>’ for ‘std::basic_ostream<wchar_t>& std::operator<<(std::basic_ostream<wchar_t>&, const int&)’ does not match any template declaration
     operator<<(basic_ostream<wchar_t>&, const wstring&);
     ^~~~~~~~
In file included from /usr/include/c++/7/string:52:0,
                 from /usr/include/c++/7/stdexcept:39,
                 from network/../neuron/neuron.cpp:2,
                 from network/network.cpp:2:
/usr/include/c++/7/bits/basic_string.h:6284:5: note: candidate is: template<class _CharT, class _Traits, class _Alloc> std::basic_ostream<_CharT, _Traits>& std::operator<<(std::basic_ostream<_CharT, _Traits>&, const std::__cxx11::basic_string<_CharT, _Traits, _Alloc>&)
     operator<<(basic_ostream<_CharT, _Traits>& __os,
     ^~~~~~~~
In file included from /usr/include/c++/7/string:53:0,
                 from /usr/include/c++/7/stdexcept:39,
                 from network/../neuron/neuron.cpp:2,
                 from network/network.cpp:2:
/usr/include/c++/7/bits/basic_string.tcc:1644:38: error: ‘wstring’ has not been declared
     getline(basic_istream<wchar_t>&, wstring&, wchar_t);
                                      ^~~~~~~
/usr/include/c++/7/bits/basic_string.tcc:1644:5: error: template-id ‘getline<>’ for ‘std::basic_istream<wchar_t>& std::getline(std::basic_istream<wchar_t>&, int&, wchar_t)’ does not match any template declaration
     getline(basic_istream<wchar_t>&, wstring&, wchar_t);
     ^~~~~~~
In file included from /usr/include/c++/7/string:52:0,
                 from /usr/include/c++/7/stdexcept:39,
                 from network/../neuron/neuron.cpp:2,
                 from network/network.cpp:2:
/usr/include/c++/7/bits/basic_string.h:6339:5: note: candidates are: template<class _CharT, class _Traits, class _Alloc> std::basic_istream<_CharT, _Traits>& std::getline(std::basic_istream<_CharT, _Traits>&&, std::__cxx11::basic_string<_CharT, _Traits, _Alloc>&)
     getline(basic_istream<_CharT, _Traits>&& __is,
     ^~~~~~~
/usr/include/c++/7/bits/basic_string.h:6332:5: note:                 template<class _CharT, class _Traits, class _Alloc> std::basic_istream<_CharT, _Traits>& std::getline(std::basic_istream<_CharT, _Traits>&&, std::__cxx11::basic_string<_CharT, _Traits, _Alloc>&, _CharT)
     getline(basic_istream<_CharT, _Traits>&& __is,
     ^~~~~~~
/usr/include/c++/7/bits/basic_string.h:6324:5: note:                 template<class _CharT, class _Traits, class _Alloc> std::basic_istream<_CharT, _Traits>& std::getline(std::basic_istream<_CharT, _Traits>&, std::__cxx11::basic_string<_CharT, _Traits, _Alloc>&)
     getline(basic_istream<_CharT, _Traits>& __is,
     ^~~~~~~
In file included from /usr/include/c++/7/string:53:0,
                 from /usr/include/c++/7/stdexcept:39,
                 from network/../neuron/neuron.cpp:2,
                 from network/network.cpp:2:
/usr/include/c++/7/bits/basic_string.tcc:1537:5: note:                 template<class _CharT, class _Traits, class _Alloc> std::basic_istream<_CharT, _Traits>& std::getline(std::basic_istream<_CharT, _Traits>&, std::__cxx11::basic_string<_CharT, _Traits, _Alloc>&, _CharT)
     getline(basic_istream<_CharT, _Traits>& __in,
     ^~~~~~~
/usr/include/c++/7/bits/basic_string.tcc:1647:38: error: ‘wstring’ has not been declared
     getline(basic_istream<wchar_t>&, wstring&);
                                      ^~~~~~~
/usr/include/c++/7/bits/basic_string.tcc:1647:5: error: template-id ‘getline<>’ for ‘std::basic_istream<wchar_t>& std::getline(std::basic_istream<wchar_t>&, int&)’ does not match any template declaration
     getline(basic_istream<wchar_t>&, wstring&);
     ^~~~~~~
In file included from /usr/include/c++/7/string:52:0,
                 from /usr/include/c++/7/stdexcept:39,
                 from network/../neuron/neuron.cpp:2,
                 from network/network.cpp:2:
/usr/include/c++/7/bits/basic_string.h:6339:5: note: candidates are: template<class _CharT, class _Traits, class _Alloc> std::basic_istream<_CharT, _Traits>& std::getline(std::basic_istream<_CharT, _Traits>&&, std::__cxx11::basic_string<_CharT, _Traits, _Alloc>&)
     getline(basic_istream<_CharT, _Traits>&& __is,
     ^~~~~~~
/usr/include/c++/7/bits/basic_string.h:6332:5: note:                 template<class _CharT, class _Traits, class _Alloc> std::basic_istream<_CharT, _Traits>& std::getline(std::basic_istream<_CharT, _Traits>&&, std::__cxx11::basic_string<_CharT, _Traits, _Alloc>&, _CharT)
     getline(basic_istream<_CharT, _Traits>&& __is,
     ^~~~~~~
/usr/include/c++/7/bits/basic_string.h:6324:5: note:                 template<class _CharT, class _Traits, class _Alloc> std::basic_istream<_CharT, _Traits>& std::getline(std::basic_istream<_CharT, _Traits>&, std::__cxx11::basic_string<_CharT, _Traits, _Alloc>&)
     getline(basic_istream<_CharT, _Traits>& __is,
     ^~~~~~~
In file included from /usr/include/c++/7/string:53:0,
                 from /usr/include/c++/7/stdexcept:39,
                 from network/../neuron/neuron.cpp:2,
                 from network/network.cpp:2:
/usr/include/c++/7/bits/basic_string.tcc:1537:5: note:                 template<class _CharT, class _Traits, class _Alloc> std::basic_istream<_CharT, _Traits>& std::getline(std::basic_istream<_CharT, _Traits>&, std::__cxx11::basic_string<_CharT, _Traits, _Alloc>&, _CharT)
     getline(basic_istream<_CharT, _Traits>& __in,
     ^~~~~~~
In file included from network/../neuron/neuron.cpp:2:0,
                 from network/network.cpp:2:
/usr/include/c++/7/stdexcept:56:29: error: ‘string’ in namespace ‘std’ does not name a type
     __cow_string(const std::string&);
                             ^~~~~~
/usr/include/c++/7/stdexcept:67:28: error: wrong number of template arguments (1, should be 3)
   typedef basic_string<char> __sso_string;
                            ^
In file included from /usr/include/c++/7/string:52:0,
                 from /usr/include/c++/7/stdexcept:39,
                 from network/../neuron/neuron.cpp:2,
                 from network/network.cpp:2:
/usr/include/c++/7/bits/basic_string.h:77:11: note: provided for ‘template<class _CharT, class _Traits, class _Alloc> class std::__cxx11::basic_string’
     class basic_string
           ^~~~~~~~~~~~
In file included from network/../neuron/neuron.cpp:2:0,
                 from network/network.cpp:2:
/usr/include/c++/7/stdexcept:120:23: error: ‘string’ does not name a type; did you mean ‘stdin’?
     logic_error(const string& __arg) _GLIBCXX_TXN_SAFE;
                       ^~~~~~
                       stdin
/usr/include/c++/7/stdexcept:150:33: error: ‘string’ does not name a type; did you mean ‘stdin’?
     explicit domain_error(const string& __arg) _GLIBCXX_TXN_SAFE;
                                 ^~~~~~
                                 stdin
/usr/include/c++/7/stdexcept:161:37: error: ‘string’ does not name a type; did you mean ‘stdin’?
     explicit invalid_argument(const string& __arg) _GLIBCXX_TXN_SAFE;
                                     ^~~~~~
                                     stdin
/usr/include/c++/7/stdexcept:173:33: error: ‘string’ does not name a type; did you mean ‘stdin’?
     explicit length_error(const string& __arg) _GLIBCXX_TXN_SAFE;
                                 ^~~~~~
                                 stdin
/usr/include/c++/7/stdexcept:185:33: error: ‘string’ does not name a type; did you mean ‘stdin’?
     explicit out_of_range(const string& __arg) _GLIBCXX_TXN_SAFE;
                                 ^~~~~~
                                 stdin
/usr/include/c++/7/stdexcept:204:25: error: ‘string’ does not name a type; did you mean ‘stdin’?
     runtime_error(const string& __arg) _GLIBCXX_TXN_SAFE;
                         ^~~~~~
                         stdin
/usr/include/c++/7/stdexcept:233:32: error: ‘string’ does not name a type; did you mean ‘stdin’?
     explicit range_error(const string& __arg) _GLIBCXX_TXN_SAFE;
                                ^~~~~~
                                stdin
/usr/include/c++/7/stdexcept:244:35: error: ‘string’ does not name a type; did you mean ‘stdin’?
     explicit overflow_error(const string& __arg) _GLIBCXX_TXN_SAFE;
                                   ^~~~~~
                                   stdin
/usr/include/c++/7/stdexcept:255:36: error: ‘string’ does not name a type; did you mean ‘stdin’?
     explicit underflow_error(const string& __arg) _GLIBCXX_TXN_SAFE;
                                    ^~~~~~
                                    stdin
In file included from network/../neuron/neuron.cpp:6:0,
                 from network/network.cpp:2:
network/../neuron/../vector-operations/vector-operations.hpp:5:75: error: redefinition of ‘std::vector<double> a’
 std::vector<double> add_vector(std::vector<double> a, std::vector<double> a);
                                                                           ^
network/../neuron/../vector-operations/vector-operations.hpp:5:52: note: ‘std::vector<double> a’ previously declared here
 std::vector<double> add_vector(std::vector<double> a, std::vector<double> a);
                                                    ^
network/../neuron/../vector-operations/vector-operations.hpp:9:66: error: redefinition of ‘std::vector<int> a’
 std::vector<int> add_vector(std::vector<int> a, std::vector<int> a);
                                                                  ^
network/../neuron/../vector-operations/vector-operations.hpp:9:46: note: ‘std::vector<int> a’ previously declared here
 std::vector<int> add_vector(std::vector<int> a, std::vector<int> a);
                                              ^
In file included from network/network.cpp:2:0:
network/../neuron/neuron.cpp: In member function ‘void Neuron::train(std::vector<int>, int, double, double)’:
network/../neuron/neuron.cpp:36:62: error: no matching function for call to ‘dot_product(std::vector<double>&, std::vector<int>&)’
                 double netInput = dot_product(weights, inputs);
                                                              ^
In file included from network/../neuron/neuron.cpp:6:0,
                 from network/network.cpp:2:
network/../neuron/../vector-operations/vector-operations.hpp:3:8: note: candidate: double dot_product(std::vector<double>, std::vector<double>)
 double dot_product(std::vector<double> a, std::vector<double> b);
        ^~~~~~~~~~~
network/../neuron/../vector-operations/vector-operations.hpp:3:8: note:   no known conversion for argument 2 from ‘std::vector<int>’ to ‘std::vector<double>’
network/../neuron/../vector-operations/vector-operations.hpp:7:5: note: candidate: int dot_product(std::vector<int>, std::vector<int>)
 int dot_product(std::vector<int> a, std::vector<int> b);
     ^~~~~~~~~~~
network/../neuron/../vector-operations/vector-operations.hpp:7:5: note:   no known conversion for argument 1 from ‘std::vector<double>’ to ‘std::vector<int>’
In file included from network/network.cpp:2:0:
network/../neuron/neuron.cpp:41:64: error: conversion from ‘std::vector<int>’ to non-scalar type ‘std::vector<double>’ requested
                 std::vector<double> deltaWeights = scale_vector(inputs, scalar);
                                                    ~~~~~~~~~~~~^~~~~~~~~~~~~~~~
network/../neuron/neuron.cpp: In member function ‘double Neuron::sigmoidDerivative(double)’:
network/../neuron/neuron.cpp:60:52: error: expected ‘)’ before ‘;’ token
             return sigmoid(input)*(1-sigmoid(input);
                                                    ^
network/../neuron/neuron.cpp: In member function ‘void Neuron::adjustWeights(std::vector<double>)’:
network/../neuron/neuron.cpp:64:76: error: no matching function for call to ‘add_vector(std::vector<double>&, std::vector<double>&)’
             std::vector<double> adjustedWeights = add_vector(weights, delta);
                                                                            ^
In file included from network/../neuron/neuron.cpp:6:0,
                 from network/network.cpp:2:
network/../neuron/../vector-operations/vector-operations.hpp:5:21: note: candidate: std::vector<double> add_vector(std::vector<double>)
 std::vector<double> add_vector(std::vector<double> a, std::vector<double> a);
                     ^~~~~~~~~~
network/../neuron/../vector-operations/vector-operations.hpp:5:21: note:   candidate expects 1 argument, 2 provided
network/../neuron/../vector-operations/vector-operations.hpp:9:18: note: candidate: std::vector<int> add_vector(std::vector<int>)
 std::vector<int> add_vector(std::vector<int> a, std::vector<int> a);
                  ^~~~~~~~~~
network/../neuron/../vector-operations/vector-operations.hpp:9:18: note:   candidate expects 1 argument, 2 provided
network/network.cpp: In member function ‘std::vector<double> SingleLayerNeuralNetwork::predict(std::vector<double>, bool)’:
network/network.cpp:22:50: error: no matching function for call to ‘SingleLayerNeuralNetwork::trainNeurons(std::vector<double>&, std::vector<double>&)’
                 trainNeurons(input, networkOutput);
                                                  ^
network/network.cpp:31:10: note: candidate: void SingleLayerNeuralNetwork::trainNeurons(std::vector<int>, std::vector<int>, std::vector<int>)
     void trainNeurons(std::vector<int> inputs,  std::vector<int> expectedOutput, std::vector<int> actualOutput) {
          ^~~~~~~~~~~~
network/network.cpp:31:10: note:   candidate expects 3 arguments, 2 provided
